2012/11/01 10:27:21 [error] [exception.CHttpException.404] exception 'CHttpException' with message 'Unable to resolve the request "yii".' in C:\wamp\www\project\framework\web\CWebApplication.php:287
Stack trace:
#0 C:\wamp\www\project\framework\web\CWebApplication.php(142): CWebApplication->runController('yii')
#1 C:\wamp\www\project\framework\base\CApplication.php(162): CWebApplication->processRequest()
#2 C:\wamp\www\project\index.php(13): CApplication->run()
#3 {main}
REQUEST_URI=/project/index.php?r=yii
---
2012/11/01 12:13:38 [error] [exception.CHttpException.404] exception 'CHttpException' with message 'Unable to resolve the request "yii".' in C:\wamp\www\project\framework\web\CWebApplication.php:287
Stack trace:
#0 C:\wamp\www\project\framework\web\CWebApplication.php(142): CWebApplication->runController('yii')
#1 C:\wamp\www\project\framework\base\CApplication.php(162): CWebApplication->processRequest()
#2 C:\wamp\www\project\index.php(13): CApplication->run()
#3 {main}
REQUEST_URI=/project/index.php?r=yii
---
2012/11/01 12:13:41 [error] [exception.CHttpException.404] exception 'CHttpException' with message 'Unable to resolve the request "yii".' in C:\wamp\www\project\framework\web\CWebApplication.php:287
Stack trace:
#0 C:\wamp\www\project\framework\web\CWebApplication.php(142): CWebApplication->runController('yii')
#1 C:\wamp\www\project\framework\base\CApplication.php(162): CWebApplication->processRequest()
#2 C:\wamp\www\project\index.php(13): CApplication->run()
#3 {main}
REQUEST_URI=/project/index.php?r=yii
---
2012/11/01 12:14:26 [error] [exception.CHttpException.404] exception 'CHttpException' with message 'Unable to resolve the request "yii".' in C:\wamp\www\project\framework\web\CWebApplication.php:287
Stack trace:
#0 C:\wamp\www\project\framework\web\CWebApplication.php(142): CWebApplication->runController('yii')
#1 C:\wamp\www\project\framework\base\CApplication.php(162): CWebApplication->processRequest()
#2 C:\wamp\www\project\index.php(13): CApplication->run()
#3 {main}
REQUEST_URI=/project/index.php?r=yii
---
2012/11/01 12:14:59 [error] [exception.CDbException] exception 'CDbException' with message 'CDbConnection failed to open the DB connection: SQLSTATE[42000] [1049] Unknown database 'project'' in C:\wamp\www\project\framework\db\CDbConnection.php:382
Stack trace:
#0 C:\wamp\www\project\framework\db\CDbConnection.php(331): CDbConnection->open()
#1 C:\wamp\www\project\framework\db\CDbConnection.php(309): CDbConnection->setActive(true)
#2 C:\wamp\www\project\framework\base\CModule.php(388): CDbConnection->init()
#3 C:\wamp\www\project\framework\base\CModule.php(104): CModule->getComponent('db')
#4 C:\wamp\www\project\framework\gii\generators\model\ModelCode.php(57): CModule->__get('db')
#5 C:\wamp\www\project\framework\web\CFormModel.php(40): ModelCode->init()
#6 C:\wamp\www\project\framework\gii\CCodeGenerator.php(154): CFormModel->__construct()
#7 C:\wamp\www\project\framework\gii\CCodeGenerator.php(64): CCodeGenerator->prepare()
#8 C:\wamp\www\project\framework\web\actions\CInlineAction.php(50): CCodeGenerator->actionIndex()
#9 C:\wamp\www\project\framework\web\CController.php(309): CInlineAction->runWithParams(Array)
#10 C:\wamp\www\project\framework\web\CController.php(287): CController->runAction(Object(CInlineAction))
#11 C:\wamp\www\project\framework\web\CController.php(266): CController->runActionWithFilters(Object(CInlineAction), Array)
#12 C:\wamp\www\project\framework\web\CWebApplication.php(283): CController->run('')
#13 C:\wamp\www\project\framework\web\CWebApplication.php(142): CWebApplication->runController('gii/model')
#14 C:\wamp\www\project\framework\base\CApplication.php(162): CWebApplication->processRequest()
#15 C:\wamp\www\project\index.php(13): CApplication->run()
#16 {main}
REQUEST_URI=/project/index.php?r=gii/model
HTTP_REFERER=http://localhost/project/index.php?r=gii/default/index
---
